This is pdfTeX, Version 3.1415926-2.5-1.40.14 (TeX Live 2013/Debian) (format=pdflatex 2015.5.24)  23 AUG 2015 12:57
entering extended mode
 \write18 enabled.
 %&-line parsing enabled.
**/home/xpeiro/Code/xpeiro.github.io/hrui/code/controllerexample.py
(/home/xpeiro/Code/xpeiro.github.io/hrui/code/controllerexample.py
LaTeX2e <2011/06/27>
Babel <3.9h> and hyphenation patterns for 2 languages loaded.
! You can't use `macro parameter character #' in vertical mode.
l.1 #
      import pymongo mongodb driver
? 
! Emergency stop.
l.1 #
      import pymongo mongodb driver
End of file on the terminal!

 
Here is how much of TeX's memory you used:
 7 strings out of 495028
 307 string characters out of 6181497
 45944 words of memory out of 5000000
 3315 multiletter control sequences out of 15000+600000
 3640 words of font info for 14 fonts, out of 8000000 for 9000
 14 hyphenation exceptions out of 8191
 5i,0n,1p,99b,8s stack positions out of 5000i,500n,10000p,200000b,80000s
!  ==> Fatal error occurred, no output PDF file produced!
